# JRE version: OpenJDK Runtime Environment Temurin-23.0.1+11 (23.0.1+11) (build 23.0.1+11)
# Java VM: OpenJDK 64-Bit Server VM Temurin-23.0.1+11 (23.0.1+11, mixed mode, emulated-client, sharing, tiered, compressed oops, compressed class ptrs, g1 gc, windows-amd64)
GC Precious Log:
 CardTable entry size: 512
 Card Set container configuration: InlinePtr #cards 5 size 8 Array Of Cards #cards 10 size 36 Howl #buckets 4 coarsen threshold 1843 Howl Bitmap #cards 512 size 80 coarsen threshold 460 Card regions per heap region 1 cards per card region 2048
 CPUs: 8 total, 8 available
 Memory: 16167M
 Large Page Support: Disabled
 NUMA Support: Disabled
 Compressed Oops: Enabled (32-bit)
 Heap Region Size: 1M
 Heap Min Capacity: 8M
 Heap Initial Capacity: 254M
 Heap Max Capacity: 1G
 Pre-touch: Disabled
 Parallel Workers: 8
 Concurrent Workers: 2
 Concurrent Refinement Workers: 8
 Periodic GC: Disabled
Heap:
 garbage-first heap   total reserved 1048576K, committed 82944K, used 36783K [0x00000000c0000000, 0x0000000100000000)
  region size 1024K, 1 young (1024K), 0 survivors (0K)
 Metaspace       used 55016K, committed 55744K, reserved 1114112K
  class space    used 7125K, committed 7424K, reserved 1048576K
GC Heap History (20 events):
Event: 9670.084 GC heap after
{Heap after GC invocations=939 (full 923):
 garbage-first heap   total reserved 1048576K, committed 82944K, used 36783K [0x00000000c0000000, 0x0000000100000000)
  region size 1024K, 0 young (0K), 0 survivors (0K)
 Metaspace       used 55016K, committed 55744K, reserved 1114112K
  class space    used 7125K, committed 7424K, reserved 1048576K
}
Event: 9680.264 GC heap before
{Heap before GC invocations=939 (full 923):
 garbage-first heap   total reserved 1048576K, committed 82944K, used 36783K [0x00000000c0000000, 0x0000000100000000)
  region size 1024K, 1 young (1024K), 0 survivors (0K)
 Metaspace       used 55016K, committed 55744K, reserved 1114112K
  class space    used 7125K, committed 7424K, reserved 1048576K
}
Event: 9680.294 GC heap after
{Heap after GC invocations=940 (full 924):
 garbage-first heap   total reserved 1048576K, committed 82944K, used 36783K [0x00000000c0000000, 0x0000000100000000)
  region size 1024K, 0 young (0K), 0 survivors (0K)
 Metaspace       used 55016K, committed 55744K, reserved 1114112K
  class space    used 7125K, committed 7424K, reserved 1048576K
}
Event: 9690.478 GC heap before
{Heap before GC invocations=940 (full 924):
 garbage-first heap   total reserved 1048576K, committed 82944K, used 36783K [0x00000000c0000000, 0x0000000100000000)
  region size 1024K, 1 young (1024K), 0 survivors (0K)
 Metaspace       used 55016K, committed 55744K, reserved 1114112K
  class space    used 7125K, committed 7424K, reserved 1048576K
}
Event: 9690.509 GC heap after
{Heap after GC invocations=941 (full 925):
 garbage-first heap   total reserved 1048576K, committed 82944K, used 36783K [0x00000000c0000000, 0x0000000100000000)
  region size 1024K, 0 young (0K), 0 survivors (0K)
 Metaspace       used 55016K, committed 55744K, reserved 1114112K
  class space    used 7125K, committed 7424K, reserved 1048576K
}
Event: 9700.695 GC heap before
{Heap before GC invocations=941 (full 925):
 garbage-first heap   total reserved 1048576K, committed 82944K, used 36783K [0x00000000c0000000, 0x0000000100000000)
  region size 1024K, 1 young (1024K), 0 survivors (0K)
 Metaspace       used 55016K, committed 55744K, reserved 1114112K
  class space    used 7125K, committed 7424K, reserved 1048576K
}
Event: 9700.720 GC heap after
{Heap after GC invocations=942 (full 926):
 garbage-first heap   total reserved 1048576K, committed 82944K, used 36783K [0x00000000c0000000, 0x0000000100000000)
  region size 1024K, 0 young (0K), 0 survivors (0K)
 Metaspace       used 55016K, committed 55744K, reserved 1114112K
  class space    used 7125K, committed 7424K, reserved 1048576K
}
Event: 9710.913 GC heap before
{Heap before GC invocations=942 (full 926):
 garbage-first heap   total reserved 1048576K, committed 82944K, used 36783K [0x00000000c0000000, 0x0000000100000000)
  region size 1024K, 1 young (1024K), 0 survivors (0K)
 Metaspace       used 55016K, committed 55744K, reserved 1114112K
  class space    used 7125K, committed 7424K, reserved 1048576K
}
Event: 9710.943 GC heap after
{Heap after GC invocations=943 (full 927):
 garbage-first heap   total reserved 1048576K, committed 82944K, used 36783K [0x00000000c0000000, 0x0000000100000000)
  region size 1024K, 0 young (0K), 0 survivors (0K)
 Metaspace       used 55016K, committed 55744K, reserved 1114112K
  class space    used 7125K, committed 7424K, reserved 1048576K
}
Event: 9721.132 GC heap before
{Heap before GC invocations=943 (full 927):
 garbage-first heap   total reserved 1048576K, committed 82944K, used 36783K [0x00000000c0000000, 0x0000000100000000)
  region size 1024K, 1 young (1024K), 0 survivors (0K)
 Metaspace       used 55016K, committed 55744K, reserved 1114112K
  class space    used 7125K, committed 7424K, reserved 1048576K
}
Event: 9721.157 GC heap after
{Heap after GC invocations=944 (full 928):
 garbage-first heap   total reserved 1048576K, committed 82944K, used 36783K [0x00000000c0000000, 0x0000000100000000)
  region size 1024K, 0 young (0K), 0 survivors (0K)
 Metaspace       used 55016K, committed 55744K, reserved 1114112K
  class space    used 7125K, committed 7424K, reserved 1048576K
}
Event: 9731.345 GC heap before
{Heap before GC invocations=944 (full 928):
 garbage-first heap   total reserved 1048576K, committed 82944K, used 36783K [0x00000000c0000000, 0x0000000100000000)
  region size 1024K, 1 young (1024K), 0 survivors (0K)
 Metaspace       used 55016K, committed 55744K, reserved 1114112K
  class space    used 7125K, committed 7424K, reserved 1048576K
}
Event: 9731.382 GC heap after
{Heap after GC invocations=945 (full 929):
 garbage-first heap   total reserved 1048576K, committed 82944K, used 36783K [0x00000000c0000000, 0x0000000100000000)
  region size 1024K, 0 young (0K), 0 survivors (0K)
 Metaspace       used 55016K, committed 55744K, reserved 1114112K
  class space    used 7125K, committed 7424K, reserved 1048576K
}
Event: 9741.564 GC heap before
{Heap before GC invocations=945 (full 929):
 garbage-first heap   total reserved 1048576K, committed 82944K, used 36783K [0x00000000c0000000, 0x0000000100000000)
  region size 1024K, 1 young (1024K), 0 survivors (0K)
 Metaspace       used 55016K, committed 55744K, reserved 1114112K
  class space    used 7125K, committed 7424K, reserved 1048576K
}
Event: 9741.590 GC heap after
{Heap after GC invocations=946 (full 930):
 garbage-first heap   total reserved 1048576K, committed 82944K, used 36783K [0x00000000c0000000, 0x0000000100000000)
  region size 1024K, 0 young (0K), 0 survivors (0K)
 Metaspace       used 55016K, committed 55744K, reserved 1114112K
  class space    used 7125K, committed 7424K, reserved 1048576K
}
Event: 9751.773 GC heap before
{Heap before GC invocations=946 (full 930):
 garbage-first heap   total reserved 1048576K, committed 82944K, used 36783K [0x00000000c0000000, 0x0000000100000000)
  region size 1024K, 1 young (1024K), 0 survivors (0K)
 Metaspace       used 55016K, committed 55744K, reserved 1114112K
  class space    used 7125K, committed 7424K, reserved 1048576K
}
Event: 9751.799 GC heap after
{Heap after GC invocations=947 (full 931):
 garbage-first heap   total reserved 1048576K, committed 82944K, used 36783K [0x00000000c0000000, 0x0000000100000000)
  region size 1024K, 0 young (0K), 0 survivors (0K)
 Metaspace       used 55016K, committed 55744K, reserved 1114112K
  class space    used 7125K, committed 7424K, reserved 1048576K
}
Event: 9761.971 GC heap before
{Heap before GC invocations=947 (full 931):
 garbage-first heap   total reserved 1048576K, committed 82944K, used 36783K [0x00000000c0000000, 0x0000000100000000)
  region size 1024K, 1 young (1024K), 0 survivors (0K)
 Metaspace       used 55016K, committed 55744K, reserved 1114112K
  class space    used 7125K, committed 7424K, reserved 1048576K
}
Event: 9761.997 GC heap after
{Heap after GC invocations=948 (full 932):
 garbage-first heap   total reserved 1048576K, committed 82944K, used 36783K [0x00000000c0000000, 0x0000000100000000)
  region size 1024K, 0 young (0K), 0 survivors (0K)
 Metaspace       used 55016K, committed 55744K, reserved 1114112K
  class space    used 7125K, committed 7424K, reserved 1048576K
}
Event: 9772.180 GC heap before
{Heap before GC invocations=948 (full 932):
 garbage-first heap   total reserved 1048576K, committed 82944K, used 36783K [0x00000000c0000000, 0x0000000100000000)
  region size 1024K, 1 young (1024K), 0 survivors (0K)
 Metaspace       used 55016K, committed 55744K, reserved 1114112K
  class space    used 7125K, committed 7424K, reserved 1048576K
}

